<?xml version="1.0" encoding="UTF-8"?>
<testsuite name="VisitorTest" tests="1" skipped="0" failures="0" errors="0" timestamp="2020-03-20T12:57:19" hostname="krattz-Latitude-E6510" time="0.025">
  <properties/>
  <testcase name="load" classname="VisitorTest" time="0.025"/>
  <system-out><![CDATA[]]></system-out>
  <system-err><![CDATA[]]></system-err>
</testsuite>
